Base path: C:/Program Files/Unity/Editor/Data
Pipe name: \\.\pipe\UnityShaderCompiler-64bit-1-7016
Cmd: getPlatforms
Cmd: preprocess
  insize=1185 outsize=407 ok=1
Cmd: compileSnippet
  api=4 type=0 insize=713 outsize=908 kw= ok=1
Cmd: compileSnippet
  api=4 type=1 insize=713 outsize=518 kw= ok=1
Cmd: compileSnippet
  api=4 type=0 insize=667 outsize=908 kw= ok=1
Cmd: compileSnippet
  api=4 type=1 insize=667 outsize=469 kw= ok=1
Cmd: preprocess
  insize=1601 outsize=192 ok=1
Cmd: compileSnippet
  api=4 type=0 insize=1709 outsize=2265 kw= ok=1
Cmd: compileSnippet
  api=4 type=1 insize=1709 outsize=908 kw= ok=1
Cmd: preprocess
  insize=1159 outsize=381 ok=1
Cmd: compileSnippet
  api=4 type=0 insize=713 outsize=908 kw= ok=1
Cmd: compileSnippet
  api=4 type=1 insize=713 outsize=518 kw= ok=1
Cmd: compileSnippet
  api=4 type=0 insize=667 outsize=908 kw= ok=1
Cmd: compileSnippet
  api=4 type=1 insize=667 outsize=469 kw= ok=1
Cmd: preprocess
  insize=137 outsize=137 ok=1
Cmd: preprocess
  insize=1048 outsize=208 ok=1
Cmd: compileSnippet
  api=4 type=0 insize=1140 outsize=1184 kw= ok=1
Cmd: compileSnippet
  api=4 type=1 insize=1140 outsize=1054 kw= ok=1
Cmd: preprocess
  insize=766 outsize=215 ok=1
Cmd: compileSnippet
  api=4 type=0 insize=851 outsize=1071 kw= ok=1
Cmd: compileSnippet
  api=4 type=1 insize=851 outsize=827 kw= ok=1
Cmd: preprocess
  insize=787 outsize=189 ok=1
Cmd: compileSnippet
  api=4 type=0 insize=897 outsize=1209 kw= ok=1
Cmd: compileSnippet
  api=4 type=1 insize=897 outsize=827 kw= ok=1
Cmd: compileSnippet
  api=4 type=0 insize=9591 outsize=10358 kw=UNITY_COLORSPACE_GAMMA ok=1
Cmd: compileSnippet
  api=4 type=1 insize=9591 outsize=2639 kw=UNITY_COLORSPACE_GAMMA ok=1
Cmd: compileSnippet
  api=4 type=0 insize=751 outsize=3533 kw=SHADOWS_DEPTH ok=1
Cmd: compileSnippet
  api=4 type=1 insize=751 outsize=380 kw=SHADOWS_DEPTH ok=1
Cmd: compileSnippet
  api=4 type=0 insize=982 outsize=3979 kw=DIRECTIONAL SHADOWS_OFF LIGHTMAP_OFF DIRLIGHTMAP_OFF DYNAMICLIGHTMAP_OFF ok=1
Cmd: compileSnippet
  api=4 type=1 insize=982 outsize=10561 kw=DIRECTIONAL SHADOWS_OFF LIGHTMAP_OFF DIRLIGHTMAP_OFF DYNAMICLIGHTMAP_OFF ok=1
Cmd: compileSnippet
  api=4 type=0 insize=938 outsize=4036 kw=DIRECTIONAL SHADOWS_OFF ok=1
Cmd: compileSnippet
  api=4 type=1 insize=938 outsize=5515 kw=DIRECTIONAL SHADOWS_OFF ok=1
